<?xml version="1.0" encoding="UTF-8" ?>
<testsuite tests="14" failures="1" name="TestSuite" time="9.765" errors="0" skipped="13">
  <properties>
[...]
</properties>
  <testcase classname="com.bestbuy.demotests.testpages.TestClass" name="setUp" time="9.738">
    <failure message="could not create the chrome driver" type="java.lang.RuntimeException">java.lang.RuntimeException: could not create the chrome driver
	at com.bestbuy.demo.utils.Driver.BrowserDriver.createChromeDriver(BrowserDriver.java:78)
	at com.bestbuy.demo.utils.Driver.BrowserDriver.createDriver(BrowserDriver.java:51)
	at com.bestbuy.demo.utils.Driver.BrowserDriver.&lt;init&gt;(BrowserDriver.java:38)
	at com.bestbuy.demotests.BaseTest.BaseTestClass.setUp(BaseTestClass.java:23)
	at sun.reflect.NativeMethodAccessorImpl.invoke0(Native Method)
	at sun.reflect.NativeMethodAccessorImpl.invoke(NativeMethodAccessorImpl.java:62)
	at sun.reflect.DelegatingMethodAccessorImpl.invoke(DelegatingMethodAccessorImpl.java:43)
	at java.lang.reflect.Method.invoke(Method.java:498)
	at org.testng.internal.MethodInvocationHelper.invokeMethod(MethodInvocationHelper.java:80)
	at org.testng.internal.Invoker.invokeConfigurationMethod(Invoker.java:564)
	at org.testng.internal.Invoker.invokeConfigurations(Invoker.java:213)
	at org.testng.internal.Invoker.invokeMethod(Invoker.java:653)
	at org.testng.internal.Invoker.invokeTestMethod(Invoker.java:901)
	at org.testng.internal.Invoker.invokeTestMethods(Invoker.java:1231)
	at org.testng.internal.TestMethodWorker.invokeTestMethods(TestMethodWorker.java:127)
	at org.testng.internal.TestMethodWorker.run(TestMethodWorker.java:111)
	at org.testng.TestRunner.privateRun(TestRunner.java:767)
	at org.testng.TestRunner.run(TestRunner.java:617)
	at org.testng.SuiteRunner.runTest(SuiteRunner.java:334)
	at org.testng.SuiteRunner.runSequentially(SuiteRunner.java:329)
	at org.testng.SuiteRunner.privateRun(SuiteRunner.java:291)
	at org.testng.SuiteRunner.run(SuiteRunner.java:240)
	at org.testng.SuiteRunnerWorker.runSuite(SuiteRunnerWorker.java:52)
	at org.testng.SuiteRunnerWorker.run(SuiteRunnerWorker.java:86)
	at org.testng.TestNG.runSuitesSequentially(TestNG.java:1198)
	at org.testng.TestNG.runSuitesLocally(TestNG.java:1123)
	at org.testng.TestNG.run(TestNG.java:1031)
	at org.apache.maven.surefire.testng.TestNGExecutor.run(TestNGExecutor.java:77)
	at org.apache.maven.surefire.testng.TestNGDirectoryTestSuite.executeMulti(TestNGDirectoryTestSuite.java:159)
	at org.apache.maven.surefire.testng.TestNGDirectoryTestSuite.execute(TestNGDirectoryTestSuite.java:99)
	at org.apache.maven.surefire.testng.TestNGProvider.invoke(TestNGProvider.java:106)
	at sun.reflect.NativeMethodAccessorImpl.invoke0(Native Method)
	at sun.reflect.NativeMethodAccessorImpl.invoke(NativeMethodAccessorImpl.java:62)
	at sun.reflect.DelegatingMethodAccessorImpl.invoke(DelegatingMethodAccessorImpl.java:43)
	at java.lang.reflect.Method.invoke(Method.java:498)
	at org.apache.maven.surefire.util.ReflectionUtils.invokeMethodWithArray(ReflectionUtils.java:189)
	at org.apache.maven.surefire.booter.ProviderFactory$ProviderProxy.invoke(ProviderFactory.java:165)
	at org.apache.maven.surefire.booter.ProviderFactory.invokeProvider(ProviderFactory.java:85)
	at org.apache.maven.surefire.booter.ForkedBooter.runSuitesInProcess(ForkedBooter.java:115)
	at org.apache.maven.surefire.booter.ForkedBooter.main(ForkedBooter.java:75)
</failure>
    <system-out>Configuring TestNG with: org.apache.maven.surefire.testng.conf.TestNG652Configurator@77468bd9
</system-out>
    <system-err>Starting ChromeDriver 76.0.3809.126 (d80a294506b4c9d18015e755cee48f953ddc3f2f-refs/branch-heads/3809@{#1024}) on port 25018
Only local connections are allowed.
Please protect ports used by ChromeDriver and related test frameworks to prevent access by malicious code.
log4j:WARN No appenders could be found for logger (org.apache.http.client.protocol.RequestAddCookies).
log4j:WARN Please initialize the log4j system properly.
log4j:WARN See http://logging.apache.org/log4j/1.2/faq.html#noconfig for more info.
</system-err>
  </testcase>
  <testcase classname="com.bestbuy.demotests.testpages.TestClass" name="transactionFailsForIncorrectPaymentInfo" time="0.009">
    <skipped/>
    <system-out>Directory already exists: C:\Users\sai.jaswanth\Desktop\Vijaya Lakshmi\Vijaya Lakshmi - System Backup\Backup Nov 2019\Backup Nov 2019\Java\BB\BestBuy-Automation\TestReport
</system-out>
  </testcase>
  <testcase classname="com.bestbuy.demotests.testpages.TestFeedback" name="setUp" time="0.01">
    <skipped/>
  </testcase>
  <testcase classname="com.bestbuy.demotests.testpages.TestFeedback" name="TC_171" time="0">
    <skipped/>
  </testcase>
  <testcase classname="com.bestbuy.demotests.pageobjects.emailpreference.UpdateEmailPreferencesTest" name="setUp" time="0.001">
    <skipped/>
  </testcase>
  <testcase classname="com.bestbuy.demotests.pageobjects.emailpreference.UpdateEmailPreferencesTest" name="UpdateEmailPreference" time="0">
    <skipped/>
  </testcase>
  <testcase classname="com.bestbuy.demotests.testpages.Sort_TestCase" name="setUp" time="0.001">
    <skipped/>
  </testcase>
  <testcase classname="com.bestbuy.demotests.testpages.Sort_TestCase" name="sortProductsByLowToHigh" time="0">
    <skipped/>
  </testcase>
  <testcase classname="com.bestbuy.demotests.testpages.Sort_TestCase" name="setUp" time="0.001">
    <skipped/>
  </testcase>
  <testcase classname="com.bestbuy.demotests.testpages.Sort_TestCase" name="sortProductsByHighToLow" time="0">
    <skipped/>
  </testcase>
  <testcase classname="com.bestbuy.demotests.testpages.Sort_TestCase" name="setUp" time="0.001">
    <skipped/>
  </testcase>
  <testcase classname="com.bestbuy.demotests.testpages.Sort_TestCase" name="sortProductsByhighestRated" time="0.001">
    <skipped/>
  </testcase>
  <testcase classname="com.bestbuy.demotests.testpages.Sort_TestCase" name="setUp" time="0.003">
    <skipped/>
  </testcase>
  <testcase classname="com.bestbuy.demotests.testpages.Sort_TestCase" name="sortProductsByBestMatch" time="0">
    <skipped/>
  </testcase>
</testsuite>