<?xml version="1.0" encoding="UTF-8"?>
<testng-results skipped="7" failed="0" total="7" passed="0">
  <reporter-output>
  </reporter-output>
  <suite name="Command line suite" duration-ms="3856" started-at="2019-11-14T04:27:05Z" finished-at="2019-11-14T04:27:09Z">
    <groups>
    </groups>
    <test name="Command line test" duration-ms="3856" started-at="2019-11-14T04:27:05Z" finished-at="2019-11-14T04:27:09Z">
      <class name="com.bestbuy.demotests.pageobjects.emailpreference.UpdateEmailPreferencesTest">
        <test-method status="SKIP" signature="setUp(java.lang.reflect.Method)[pri:0, instance:com.bestbuy.demotests.pageobjects.emailpreference.UpdateEmailPreferencesTest@56ac3a89]" name="setUp" is-config="true" duration-ms="0" started-at="2019-11-14T09:57:09Z" finished-at="2019-11-14T09:57:09Z">
          <reporter-output>
          </reporter-output>
        </test-method> <!-- setUp -->
        <test-method status="SKIP" signature="UpdateEmailPreference()[pri:0, instance:com.bestbuy.demotests.pageobjects.emailpreference.UpdateEmailPreferencesTest@56ac3a89]" name="UpdateEmailPreference" duration-ms="0" started-at="2019-11-14T09:57:09Z" finished-at="2019-11-14T09:57:09Z">
          <reporter-output>
          </reporter-output>
        </test-method> <!-- UpdateEmailPreference -->
      </class> <!-- com.bestbuy.demotests.pageobjects.emailpreference.UpdateEmailPreferencesTest -->
      <class name="com.bestbuy.demotests.testpages.TestFeedback">
        <test-method status="SKIP" signature="setUp(java.lang.reflect.Method)[pri:0, instance:com.bestbuy.demotests.testpages.TestFeedback@72d818d1]" name="setUp" is-config="true" duration-ms="0" started-at="2019-11-14T09:57:09Z" finished-at="2019-11-14T09:57:09Z">
          <reporter-output>
          </reporter-output>
        </test-method> <!-- setUp -->
        <test-method status="SKIP" signature="TC_171()[pri:0, instance:com.bestbuy.demotests.testpages.TestFeedback@72d818d1]" name="TC_171" duration-ms="0" started-at="2019-11-14T09:57:09Z" finished-at="2019-11-14T09:57:09Z">
          <reporter-output>
          </reporter-output>
        </test-method> <!-- TC_171 -->
      </class> <!-- com.bestbuy.demotests.testpages.TestFeedback -->
      <class name="com.bestbuy.demotests.testpages.TestClass">
        <test-method status="FAIL" signature="setUp(java.lang.reflect.Method)[pri:0, instance:com.bestbuy.demotests.testpages.TestClass@27c20538]" name="setUp" is-config="true" duration-ms="0" started-at="2019-11-14T09:57:05Z" finished-at="2019-11-14T09:57:05Z">
          <params>
            <param index="0">
              <value>
                <![CDATA[public void com.bestbuy.demotests.testpages.TestClass.transactionFailsForIncorrectPaymentInfo(java.lang.String)]]>
              </value>
            </param>
          </params>
          <exception class="java.lang.RuntimeException">
            <message>
              <![CDATA[could not create the chrome driver]]>
            </message>
            <full-stacktrace>
              <![CDATA[java.lang.RuntimeException: could not create the chrome driver
	at com.bestbuy.demo.utils.Driver.BrowserDriver.createChromeDriver(BrowserDriver.java:78)
	at com.bestbuy.demo.utils.Driver.BrowserDriver.createDriver(BrowserDriver.java:51)
	at com.bestbuy.demo.utils.Driver.BrowserDriver.<init>(BrowserDriver.java:38)
	at com.bestbuy.demotests.BaseTest.BaseTestClass.setUp(BaseTestClass.java:23)
	at sun.reflect.NativeMethodAccessorImpl.invoke0(Native Method)
	at sun.reflect.NativeMethodAccessorImpl.invoke(NativeMethodAccessorImpl.java:62)
	at sun.reflect.DelegatingMethodAccessorImpl.invoke(DelegatingMethodAccessorImpl.java:43)
	at java.lang.reflect.Method.invoke(Method.java:498)
	at org.testng.internal.MethodInvocationHelper.invokeMethod(MethodInvocationHelper.java:80)
	at org.testng.internal.Invoker.invokeConfigurationMethod(Invoker.java:564)
	at org.testng.internal.Invoker.invokeConfigurations(Invoker.java:213)
	at org.testng.internal.Invoker.invokeMethod(Invoker.java:653)
	at org.testng.internal.Invoker.invokeTestMethod(Invoker.java:901)
	at org.testng.internal.Invoker.invokeTestMethods(Invoker.java:1231)
	at org.testng.internal.TestMethodWorker.invokeTestMethods(TestMethodWorker.java:127)
	at org.testng.internal.TestMethodWorker.run(TestMethodWorker.java:111)
	at org.testng.TestRunner.privateRun(TestRunner.java:767)
	at org.testng.TestRunner.run(TestRunner.java:617)
	at org.testng.SuiteRunner.runTest(SuiteRunner.java:334)
	at org.testng.SuiteRunner.runSequentially(SuiteRunner.java:329)
	at org.testng.SuiteRunner.privateRun(SuiteRunner.java:291)
	at org.testng.SuiteRunner.run(SuiteRunner.java:240)
	at org.testng.SuiteRunnerWorker.runSuite(SuiteRunnerWorker.java:52)
	at org.testng.SuiteRunnerWorker.run(SuiteRunnerWorker.java:86)
	at org.testng.TestNG.runSuitesSequentially(TestNG.java:1198)
	at org.testng.TestNG.runSuitesLocally(TestNG.java:1123)
	at org.testng.TestNG.run(TestNG.java:1031)
	at org.apache.maven.surefire.testng.TestNGExecutor.run(TestNGExecutor.java:77)
	at org.apache.maven.surefire.testng.TestNGDirectoryTestSuite.executeMulti(TestNGDirectoryTestSuite.java:159)
	at org.apache.maven.surefire.testng.TestNGDirectoryTestSuite.execute(TestNGDirectoryTestSuite.java:99)
	at org.apache.maven.surefire.testng.TestNGProvider.invoke(TestNGProvider.java:106)
	at sun.reflect.NativeMethodAccessorImpl.invoke0(Native Method)
	at sun.reflect.NativeMethodAccessorImpl.invoke(NativeMethodAccessorImpl.java:62)
	at sun.reflect.DelegatingMethodAccessorImpl.invoke(DelegatingMethodAccessorImpl.java:43)
	at java.lang.reflect.Method.invoke(Method.java:498)
	at org.apache.maven.surefire.util.ReflectionUtils.invokeMethodWithArray(ReflectionUtils.java:189)
	at org.apache.maven.surefire.booter.ProviderFactory$ProviderProxy.invoke(ProviderFactory.java:165)
	at org.apache.maven.surefire.booter.ProviderFactory.invokeProvider(ProviderFactory.java:85)
	at org.apache.maven.surefire.booter.ForkedBooter.runSuitesInProcess(ForkedBooter.java:115)
	at org.apache.maven.surefire.booter.ForkedBooter.main(ForkedBooter.java:75)
]]>
            </full-stacktrace>
          </exception> <!-- java.lang.RuntimeException -->
          <reporter-output>
          </reporter-output>
        </test-method> <!-- setUp -->
        <test-method status="SKIP" signature="transactionFailsForIncorrectPaymentInfo(java.lang.String)[pri:0, instance:com.bestbuy.demotests.testpages.TestClass@27c20538]" name="transactionFailsForIncorrectPaymentInfo" duration-ms="161" started-at="2019-11-14T09:57:08Z" data-provider="keywordValues" finished-at="2019-11-14T09:57:09Z">
          <params>
            <param index="0">
              <value>
                <![CDATA[iphone]]>
              </value>
            </param>
          </params>
          <reporter-output>
          </reporter-output>
        </test-method> <!-- transactionFailsForIncorrectPaymentInfo -->
      </class> <!-- com.bestbuy.demotests.testpages.TestClass -->
      <class name="com.bestbuy.demotests.testpages.Sort_TestCase">
        <test-method status="SKIP" signature="setUp(java.lang.reflect.Method)[pri:0, instance:com.bestbuy.demotests.testpages.Sort_TestCase@3fee9989]" name="setUp" is-config="true" duration-ms="0" started-at="2019-11-14T09:57:09Z" finished-at="2019-11-14T09:57:09Z">
          <reporter-output>
          </reporter-output>
        </test-method> <!-- setUp -->
        <test-method status="SKIP" signature="sortProductsByLowToHigh(java.lang.String)[pri:0, instance:com.bestbuy.demotests.testpages.Sort_TestCase@3fee9989]" name="sortProductsByLowToHigh" duration-ms="0" started-at="2019-11-14T09:57:09Z" data-provider="keywordValues" finished-at="2019-11-14T09:57:09Z">
          <params>
            <param index="0">
              <value>
                <![CDATA[iphone]]>
              </value>
            </param>
          </params>
          <reporter-output>
          </reporter-output>
        </test-method> <!-- sortProductsByLowToHigh -->
        <test-method status="SKIP" signature="setUp(java.lang.reflect.Method)[pri:0, instance:com.bestbuy.demotests.testpages.Sort_TestCase@3fee9989]" name="setUp" is-config="true" duration-ms="0" started-at="2019-11-14T09:57:09Z" finished-at="2019-11-14T09:57:09Z">
          <reporter-output>
          </reporter-output>
        </test-method> <!-- setUp -->
        <test-method status="SKIP" signature="sortProductsByHighToLow(java.lang.String)[pri:0, instance:com.bestbuy.demotests.testpages.Sort_TestCase@3fee9989]" name="sortProductsByHighToLow" duration-ms="0" started-at="2019-11-14T09:57:09Z" data-provider="keywordValues" finished-at="2019-11-14T09:57:09Z">
          <params>
            <param index="0">
              <value>
                <![CDATA[iphone]]>
              </value>
            </param>
          </params>
          <reporter-output>
          </reporter-output>
        </test-method> <!-- sortProductsByHighToLow -->
        <test-method status="SKIP" signature="sortProductsByhighestRated(java.lang.String)[pri:0, instance:com.bestbuy.demotests.testpages.Sort_TestCase@3fee9989]" name="sortProductsByhighestRated" duration-ms="0" started-at="2019-11-14T09:57:09Z" data-provider="keywordValues" finished-at="2019-11-14T09:57:09Z">
          <params>
            <param index="0">
              <value>
                <![CDATA[iphone]]>
              </value>
            </param>
          </params>
          <reporter-output>
          </reporter-output>
        </test-method> <!-- sortProductsByhighestRated -->
        <test-method status="SKIP" signature="setUp(java.lang.reflect.Method)[pri:0, instance:com.bestbuy.demotests.testpages.Sort_TestCase@3fee9989]" name="setUp" is-config="true" duration-ms="0" started-at="2019-11-14T09:57:09Z" finished-at="2019-11-14T09:57:09Z">
          <reporter-output>
          </reporter-output>
        </test-method> <!-- setUp -->
        <test-method status="SKIP" signature="setUp(java.lang.reflect.Method)[pri:0, instance:com.bestbuy.demotests.testpages.Sort_TestCase@3fee9989]" name="setUp" is-config="true" duration-ms="0" started-at="2019-11-14T09:57:09Z" finished-at="2019-11-14T09:57:09Z">
          <reporter-output>
          </reporter-output>
        </test-method> <!-- setUp -->
        <test-method status="SKIP" signature="sortProductsByBestMatch(java.lang.String)[pri:0, instance:com.bestbuy.demotests.testpages.Sort_TestCase@3fee9989]" name="sortProductsByBestMatch" duration-ms="1" started-at="2019-11-14T09:57:09Z" data-provider="keywordValues" finished-at="2019-11-14T09:57:09Z">
          <params>
            <param index="0">
              <value>
                <![CDATA[iphone]]>
              </value>
            </param>
          </params>
          <reporter-output>
          </reporter-output>
        </test-method> <!-- sortProductsByBestMatch -->
      </class> <!-- com.bestbuy.demotests.testpages.Sort_TestCase -->
    </test> <!-- Command line test -->
  </suite> <!-- Command line suite -->
</testng-results>
