<?xml version="1.0" encoding="UTF-8"?>
<!-- Generated by org.testng.reporters.JUnitXMLReporter -->
<testsuite hostname="PT-PTL-034" name="Default test" tests="4" failures="0" timestamp="5 Nov 2019 08:34:13 GMT" time="57.247" errors="0">
  <testcase name="TC166" time="11.224" classname="com.bestbuy.demotests.testpages.SearchByCategory"/>
  <testcase name="TC243" time="9.393" classname="com.bestbuy.demotests.testpages.SearchByCategory"/>
  <testcase name="TC244" time="11.59" classname="com.bestbuy.demotests.testpages.SearchByCategory"/>
  <testcase name="TC246" time="10.979" classname="com.bestbuy.demotests.testpages.SearchByCategory"/>
</testsuite> <!-- Default test -->
