<?xml version="1.0" encoding="UTF-8"?>
<!-- Generated by org.testng.reporters.JUnitXMLReporter -->
<testsuite hostname="PT-CTL-007" name="Command line test" tests="7" failures="0" timestamp="14 Nov 2019 04:27:09 GMT" time="3.856" errors="0">
  <testcase name="@BeforeMethod setUp" time="0.0" classname="com.bestbuy.demotests.testpages.TestClass">
    <failure type="java.lang.RuntimeException" message="could not create the chrome driver">
      <![CDATA[java.lang.RuntimeException: could not create the chrome driver
	at com.bestbuy.demo.utils.Driver.BrowserDriver.createChromeDriver(BrowserDriver.java:78)
	at com.bestbuy.demo.utils.Driver.BrowserDriver.createDriver(BrowserDriver.java:51)
	at com.bestbuy.demo.utils.Driver.BrowserDriver.<init>(BrowserDriver.java:38)
	at com.bestbuy.demotests.BaseTest.BaseTestClass.setUp(BaseTestClass.java:23)
	at org.apache.maven.surefire.testng.TestNGExecutor.run(TestNGExecutor.java:77)
	at org.apache.maven.surefire.testng.TestNGDirectoryTestSuite.executeMulti(TestNGDirectoryTestSuite.java:159)
	at org.apache.maven.surefire.testng.TestNGDirectoryTestSuite.execute(TestNGDirectoryTestSuite.java:99)
	at org.apache.maven.surefire.testng.TestNGProvider.invoke(TestNGProvider.java:106)
	at org.apache.maven.surefire.util.ReflectionUtils.invokeMethodWithArray(ReflectionUtils.java:189)
	at org.apache.maven.surefire.booter.ProviderFactory$ProviderProxy.invoke(ProviderFactory.java:165)
	at org.apache.maven.surefire.booter.ProviderFactory.invokeProvider(ProviderFactory.java:85)
	at org.apache.maven.surefire.booter.ForkedBooter.runSuitesInProcess(ForkedBooter.java:115)
	at org.apache.maven.surefire.booter.ForkedBooter.main(ForkedBooter.java:75)
... Removed 27 stack frames]]>
    </failure>
  </testcase> <!-- @BeforeMethod setUp -->
  <testcase name="@BeforeMethod setUp" time="0.0" classname="com.bestbuy.demotests.testpages.TestFeedback">
    <skipped/>
  </testcase> <!-- @BeforeMethod setUp -->
  <testcase name="@BeforeMethod setUp" time="0.0" classname="com.bestbuy.demotests.pageobjects.emailpreference.UpdateEmailPreferencesTest">
    <skipped/>
  </testcase> <!-- @BeforeMethod setUp -->
  <testcase name="@BeforeMethod setUp" time="0.0" classname="com.bestbuy.demotests.testpages.Sort_TestCase">
    <skipped/>
  </testcase> <!-- @BeforeMethod setUp -->
  <testcase name="@BeforeMethod setUp" time="0.0" classname="com.bestbuy.demotests.testpages.Sort_TestCase">
    <skipped/>
  </testcase> <!-- @BeforeMethod setUp -->
  <testcase name="@BeforeMethod setUp" time="0.0" classname="com.bestbuy.demotests.testpages.Sort_TestCase">
    <skipped/>
  </testcase> <!-- @BeforeMethod setUp -->
  <testcase name="@BeforeMethod setUp" time="0.0" classname="com.bestbuy.demotests.testpages.Sort_TestCase">
    <skipped/>
  </testcase> <!-- @BeforeMethod setUp -->
  <testcase name="transactionFailsForIncorrectPaymentInfo" time="0.161" classname="com.bestbuy.demotests.testpages.TestClass">
    <skipped/>
  </testcase> <!-- transactionFailsForIncorrectPaymentInfo -->
  <testcase name="TC_171" time="0.0" classname="com.bestbuy.demotests.testpages.TestFeedback">
    <skipped/>
  </testcase> <!-- TC_171 -->
  <testcase name="UpdateEmailPreference" time="0.0" classname="com.bestbuy.demotests.pageobjects.emailpreference.UpdateEmailPreferencesTest">
    <skipped/>
  </testcase> <!-- UpdateEmailPreference -->
  <testcase name="sortProductsByLowToHigh" time="0.0" classname="com.bestbuy.demotests.testpages.Sort_TestCase">
    <skipped/>
  </testcase> <!-- sortProductsByLowToHigh -->
  <testcase name="sortProductsByHighToLow" time="0.0" classname="com.bestbuy.demotests.testpages.Sort_TestCase">
    <skipped/>
  </testcase> <!-- sortProductsByHighToLow -->
  <testcase name="sortProductsByhighestRated" time="0.0" classname="com.bestbuy.demotests.testpages.Sort_TestCase">
    <skipped/>
  </testcase> <!-- sortProductsByhighestRated -->
  <testcase name="sortProductsByBestMatch" time="0.001" classname="com.bestbuy.demotests.testpages.Sort_TestCase">
    <skipped/>
  </testcase> <!-- sortProductsByBestMatch -->
</testsuite> <!-- Command line test -->
