<?xml version="1.0" encoding="UTF-8"?>
<testng-results skipped="0" failed="0" ignored="0" total="2" passed="2">
  <reporter-output>
  </reporter-output>
  <suite name="Command line suite" duration-ms="47170" started-at="2018-08-08T12:22:49Z" finished-at="2018-08-08T12:23:36Z">
    <groups>
    </groups>
    <test name="Command line test" duration-ms="47170" started-at="2018-08-08T12:22:49Z" finished-at="2018-08-08T12:23:36Z">
      <class name="getRequest.TestNew">
        <test-method status="PASS" signature="setup()[pri:0, instance:getRequest.TestNew@38082d64]" name="setup" is-config="true" duration-ms="797" started-at="2018-08-08T17:52:49Z" finished-at="2018-08-08T17:52:50Z">
          <reporter-output>
          </reporter-output>
        </test-method> <!-- setup -->
        <test-method status="PASS" signature="GetData()[pri:1, instance:getRequest.TestNew@38082d64]" name="GetData" duration-ms="24804" started-at="2018-08-08T17:52:50Z" finished-at="2018-08-08T17:53:14Z">
          <reporter-output>
          </reporter-output>
        </test-method> <!-- GetData -->
        <test-method status="PASS" signature="setup()[pri:0, instance:getRequest.TestNew@38082d64]" name="setup" is-config="true" duration-ms="1" started-at="2018-08-08T17:53:14Z" finished-at="2018-08-08T17:53:14Z">
          <reporter-output>
          </reporter-output>
        </test-method> <!-- setup -->
        <test-method status="PASS" signature="testbody()[pri:2, instance:getRequest.TestNew@38082d64]" name="testbody" duration-ms="21517" started-at="2018-08-08T17:53:14Z" description="GrainTest" finished-at="2018-08-08T17:53:36Z">
          <reporter-output>
          </reporter-output>
        </test-method> <!-- testbody -->
      </class> <!-- getRequest.TestNew -->
    </test> <!-- Command line test -->
  </suite> <!-- Command line suite -->
</testng-results>
