<?xml version="1.0" encoding="UTF-8"?>
<testsuite xmlns:xsi="http://www.w3.org/2001/XMLSchema-instance" xsi:noNamespaceSchemaLocation="https://maven.apache.org/surefire/maven-surefire-plugin/xsd/surefire-test-report.xsd" name="TestSuite" time="92.236" tests="4" errors="0" skipped="2" failures="2">
  <properties>
[...]
</properties>
  <testcase name="invalidLoginTest_InvalidUserNameInvalidPassword" classname="tests.LoginTests" time="0">
    <skipped message="no such element: Unable to locate element: {&quot;method&quot;:&quot;css selector&quot;,&quot;selector&quot;:&quot;.btnSignIn&quot;}&#10;  (Session info: chrome=78.0.3904.97)&#10;For documentation on this error, please visit: https://www.seleniumhq.org/exceptions/no_such_element.html&#10;Build info: version: &apos;3.141.59&apos;, revision: &apos;e82be7d358&apos;, time: &apos;2018-11-14T08:17:03&apos;&#10;System info: host: &apos;PT-CTL-007&apos;, ip: &apos;172.30.15.181&apos;, os.name: &apos;Windows 10&apos;, os.arch: &apos;amd64&apos;, os.version: &apos;10.0&apos;, java.version: &apos;1.8.0_131&apos;&#10;Driver info: org.openqa.selenium.chrome.ChromeDriver&#10;Capabilities {acceptInsecureCerts: false, browserName: chrome, browserVersion: 78.0.3904.97, chrome: {chromedriverVersion: 78.0.3904.70 (edb9c9f3de024..., userDataDir: C:\Users\SAI~1.JAS\AppData\...}, goog:chromeOptions: {debuggerAddress: localhost:52590}, javascriptEnabled: true, networkConnectionEnabled: false, pageLoadStrategy: normal, platform: XP, platformName: XP, proxy: Proxy(), setWindowRect: true, strictFileInteractability: false, timeouts: {implicit: 0, pageLoad: 300000, script: 30000}, unhandledPromptBehavior: dismiss and notify}&#10;Session ID: ccf4866e27da7d72d51734a045a46317&#10;*** Element info: {Using=class name, value=btnSignIn}"/>
    <system-out><![CDATA[I am in onStart method LoginTest
I am in onStart method LoginTest
I am in onTestStart method invalidLoginTest_InvalidUserNameInvalidPassword start
2019-11-14 10:38:40 INFO  Log:21 - invalidLoginTest_InvalidUserNameInvalidPassword test is starting.
I am in onTestStart method invalidLoginTest_InvalidUserNameInvalidPassword start
2019-11-14 10:38:41 INFO  Log:21 - invalidLoginTest_InvalidUserNameInvalidPassword test is starting.
I am in onTestSkipped method invalidLoginTest_InvalidUserNameInvalidPassword skipped
]]></system-out>
    <system-err><![CDATA[SLF4J: Failed to load class "org.slf4j.impl.StaticLoggerBinder".
SLF4J: Defaulting to no-operation (NOP) logger implementation
SLF4J: See http://www.slf4j.org/codes.html#StaticLoggerBinder for further details.
Starting ChromeDriver 78.0.3904.70 (edb9c9f3de0247fd912a77b7f6cae7447f6d3ad5-refs/branch-heads/3904@{#800}) on port 13962
Only local connections are allowed.
Please protect ports used by ChromeDriver and related test frameworks to prevent access by malicious code.
[1573708117.782][WARNING]: Timed out connecting to Chrome, retrying...
Nov 14, 2019 10:38:39 AM org.openqa.selenium.remote.ProtocolHandshake createSession
INFO: Detected dialect: W3C
]]></system-err>
  </testcase>
  <testcase name="invalidLoginTest_InvalidUserNameInvalidPassword" classname="tests.LoginTests" time="20.018">
    <failure message="no such element: Unable to locate element: {&quot;method&quot;:&quot;css selector&quot;,&quot;selector&quot;:&quot;.btnSignIn&quot;}&#10;  (Session info: chrome=78.0.3904.97)&#10;For documentation on this error, please visit: https://www.seleniumhq.org/exceptions/no_such_element.html&#10;Build info: version: &apos;3.141.59&apos;, revision: &apos;e82be7d358&apos;, time: &apos;2018-11-14T08:17:03&apos;&#10;System info: host: &apos;PT-CTL-007&apos;, ip: &apos;172.30.15.181&apos;, os.name: &apos;Windows 10&apos;, os.arch: &apos;amd64&apos;, os.version: &apos;10.0&apos;, java.version: &apos;1.8.0_131&apos;&#10;Driver info: org.openqa.selenium.chrome.ChromeDriver&#10;Capabilities {acceptInsecureCerts: false, browserName: chrome, browserVersion: 78.0.3904.97, chrome: {chromedriverVersion: 78.0.3904.70 (edb9c9f3de024..., userDataDir: C:\Users\SAI~1.JAS\AppData\...}, goog:chromeOptions: {debuggerAddress: localhost:52590}, javascriptEnabled: true, networkConnectionEnabled: false, pageLoadStrategy: normal, platform: XP, platformName: XP, proxy: Proxy(), setWindowRect: true, strictFileInteractability: false, timeouts: {implicit: 0, pageLoad: 300000, script: 30000}, unhandledPromptBehavior: dismiss and notify}&#10;Session ID: ccf4866e27da7d72d51734a045a46317&#10;*** Element info: {Using=class name, value=btnSignIn}" type="org.openqa.selenium.NoSuchElementException">org.openqa.selenium.NoSuchElementException: 
no such element: Unable to locate element: {"method":"css selector","selector":".btnSignIn"}
  (Session info: chrome=78.0.3904.97)
For documentation on this error, please visit: https://www.seleniumhq.org/exceptions/no_such_element.html
Build info: version: '3.141.59', revision: 'e82be7d358', time: '2018-11-14T08:17:03'
System info: host: 'PT-CTL-007', ip: '172.30.15.181', os.name: 'Windows 10', os.arch: 'amd64', os.version: '10.0', java.version: '1.8.0_131'
Driver info: org.openqa.selenium.chrome.ChromeDriver
Capabilities {acceptInsecureCerts: false, browserName: chrome, browserVersion: 78.0.3904.97, chrome: {chromedriverVersion: 78.0.3904.70 (edb9c9f3de024..., userDataDir: C:\Users\SAI~1.JAS\AppData\...}, goog:chromeOptions: {debuggerAddress: localhost:52590}, javascriptEnabled: true, networkConnectionEnabled: false, pageLoadStrategy: normal, platform: XP, platformName: XP, proxy: Proxy(), setWindowRect: true, strictFileInteractability: false, timeouts: {implicit: 0, pageLoad: 300000, script: 30000}, unhandledPromptBehavior: dismiss and notify}
Session ID: ccf4866e27da7d72d51734a045a46317
*** Element info: {Using=class name, value=btnSignIn}
	at tests.LoginTests.invalidLoginTest_InvalidUserNameInvalidPassword(LoginTests.java:35)
</failure>
    <system-out><![CDATA[I am in onTestSkipped method invalidLoginTest_InvalidUserNameInvalidPassword skipped
I am in onTestStart method invalidLoginTest_InvalidUserNameInvalidPassword start
2019-11-14 10:39:00 INFO  Log:21 - invalidLoginTest_InvalidUserNameInvalidPassword test is starting.
I am in onTestStart method invalidLoginTest_InvalidUserNameInvalidPassword start
2019-11-14 10:39:00 INFO  Log:21 - invalidLoginTest_InvalidUserNameInvalidPassword test is starting.
I am in onTestFailure method invalidLoginTest_InvalidUserNameInvalidPassword failed
Screenshot captured for test case:invalidLoginTest_InvalidUserNameInvalidPassword
]]></system-out>
  </testcase>
  <testcase name="invalidLoginTest_EmptyUserEmptyPassword" classname="tests.LoginTests" time="0">
    <skipped message="no such element: Unable to locate element: {&quot;method&quot;:&quot;css selector&quot;,&quot;selector&quot;:&quot;.btnSignIn&quot;}&#10;  (Session info: chrome=78.0.3904.97)&#10;For documentation on this error, please visit: https://www.seleniumhq.org/exceptions/no_such_element.html&#10;Build info: version: &apos;3.141.59&apos;, revision: &apos;e82be7d358&apos;, time: &apos;2018-11-14T08:17:03&apos;&#10;System info: host: &apos;PT-CTL-007&apos;, ip: &apos;172.30.15.181&apos;, os.name: &apos;Windows 10&apos;, os.arch: &apos;amd64&apos;, os.version: &apos;10.0&apos;, java.version: &apos;1.8.0_131&apos;&#10;Driver info: org.openqa.selenium.chrome.ChromeDriver&#10;Capabilities {acceptInsecureCerts: false, browserName: chrome, browserVersion: 78.0.3904.97, chrome: {chromedriverVersion: 78.0.3904.70 (edb9c9f3de024..., userDataDir: C:\Users\SAI~1.JAS\AppData\...}, goog:chromeOptions: {debuggerAddress: localhost:52590}, javascriptEnabled: true, networkConnectionEnabled: false, pageLoadStrategy: normal, platform: XP, platformName: XP, proxy: Proxy(), setWindowRect: true, strictFileInteractability: false, timeouts: {implicit: 0, pageLoad: 300000, script: 30000}, unhandledPromptBehavior: dismiss and notify}&#10;Session ID: ccf4866e27da7d72d51734a045a46317&#10;*** Element info: {Using=class name, value=btnSignIn}"/>
    <system-out><![CDATA[I am in onTestFailure method invalidLoginTest_InvalidUserNameInvalidPassword failed
Screenshot captured for test case:invalidLoginTest_InvalidUserNameInvalidPassword
I am in onTestStart method invalidLoginTest_EmptyUserEmptyPassword start
2019-11-14 10:39:20 INFO  Log:21 - invalidLoginTest_EmptyUserEmptyPassword test is starting.
I am in onTestStart method invalidLoginTest_EmptyUserEmptyPassword start
2019-11-14 10:39:20 INFO  Log:21 - invalidLoginTest_EmptyUserEmptyPassword test is starting.
I am in onTestSkipped method invalidLoginTest_EmptyUserEmptyPassword skipped
]]></system-out>
  </testcase>
  <testcase name="invalidLoginTest_EmptyUserEmptyPassword" classname="tests.LoginTests" time="20.307">
    <failure message="no such element: Unable to locate element: {&quot;method&quot;:&quot;css selector&quot;,&quot;selector&quot;:&quot;.btnSignIn&quot;}&#10;  (Session info: chrome=78.0.3904.97)&#10;For documentation on this error, please visit: https://www.seleniumhq.org/exceptions/no_such_element.html&#10;Build info: version: &apos;3.141.59&apos;, revision: &apos;e82be7d358&apos;, time: &apos;2018-11-14T08:17:03&apos;&#10;System info: host: &apos;PT-CTL-007&apos;, ip: &apos;172.30.15.181&apos;, os.name: &apos;Windows 10&apos;, os.arch: &apos;amd64&apos;, os.version: &apos;10.0&apos;, java.version: &apos;1.8.0_131&apos;&#10;Driver info: org.openqa.selenium.chrome.ChromeDriver&#10;Capabilities {acceptInsecureCerts: false, browserName: chrome, browserVersion: 78.0.3904.97, chrome: {chromedriverVersion: 78.0.3904.70 (edb9c9f3de024..., userDataDir: C:\Users\SAI~1.JAS\AppData\...}, goog:chromeOptions: {debuggerAddress: localhost:52590}, javascriptEnabled: true, networkConnectionEnabled: false, pageLoadStrategy: normal, platform: XP, platformName: XP, proxy: Proxy(), setWindowRect: true, strictFileInteractability: false, timeouts: {implicit: 0, pageLoad: 300000, script: 30000}, unhandledPromptBehavior: dismiss and notify}&#10;Session ID: ccf4866e27da7d72d51734a045a46317&#10;*** Element info: {Using=class name, value=btnSignIn}" type="org.openqa.selenium.NoSuchElementException">org.openqa.selenium.NoSuchElementException: 
no such element: Unable to locate element: {"method":"css selector","selector":".btnSignIn"}
  (Session info: chrome=78.0.3904.97)
For documentation on this error, please visit: https://www.seleniumhq.org/exceptions/no_such_element.html
Build info: version: '3.141.59', revision: 'e82be7d358', time: '2018-11-14T08:17:03'
System info: host: 'PT-CTL-007', ip: '172.30.15.181', os.name: 'Windows 10', os.arch: 'amd64', os.version: '10.0', java.version: '1.8.0_131'
Driver info: org.openqa.selenium.chrome.ChromeDriver
Capabilities {acceptInsecureCerts: false, browserName: chrome, browserVersion: 78.0.3904.97, chrome: {chromedriverVersion: 78.0.3904.70 (edb9c9f3de024..., userDataDir: C:\Users\SAI~1.JAS\AppData\...}, goog:chromeOptions: {debuggerAddress: localhost:52590}, javascriptEnabled: true, networkConnectionEnabled: false, pageLoadStrategy: normal, platform: XP, platformName: XP, proxy: Proxy(), setWindowRect: true, strictFileInteractability: false, timeouts: {implicit: 0, pageLoad: 300000, script: 30000}, unhandledPromptBehavior: dismiss and notify}
Session ID: ccf4866e27da7d72d51734a045a46317
*** Element info: {Using=class name, value=btnSignIn}
	at tests.LoginTests.invalidLoginTest_EmptyUserEmptyPassword(LoginTests.java:50)
</failure>
    <system-out><![CDATA[I am in onTestSkipped method invalidLoginTest_EmptyUserEmptyPassword skipped
I am in onTestStart method invalidLoginTest_EmptyUserEmptyPassword start
2019-11-14 10:39:39 INFO  Log:21 - invalidLoginTest_EmptyUserEmptyPassword test is starting.
I am in onTestStart method invalidLoginTest_EmptyUserEmptyPassword start
2019-11-14 10:39:39 INFO  Log:21 - invalidLoginTest_EmptyUserEmptyPassword test is starting.
I am in onTestFailure method invalidLoginTest_EmptyUserEmptyPassword failed
Screenshot captured for test case:invalidLoginTest_EmptyUserEmptyPassword
]]></system-out>
  </testcase>
</testsuite>